Dec 14 19:29 : exception: Failed to open '/home/sheep/.mpd/mpdstate': No such file or directory
Dec 14 19:29 : config: option 'device' on line 13 was not recognized
Dec 14 19:29 : update: added /Yefium - Kimi NO Toriko X Summertime.mp3
Dec 14 19:29 : update: added /Yoh kamiyama - 色香水.mp3
Dec 14 19:29 : update: added /ChouCho - 優しさの理由.mp3
Dec 14 19:29 : update: added /YOASOBI - たぶん.mp3
Dec 14 19:29 : update: added /Ryokuoushoku Shakai - Shout Baby.mp3
Dec 14 19:29 : update: added /Mafumafu - Onnanoko Ni Naritai.mp3
Dec 14 19:29 : update: added /Chika Fujiwara - Chikatto Chika Chika​.mp3
Dec 14 19:29 : update: added /LilyPichu - dreamy night.mp3
Dec 14 19:29 : update: added /Myun - Sweets Parade - Inu x Boku SS.mp3
Dec 14 19:29 : update: added /HalcyonMusic - Nanairo Symphony (From 'Your Lie in April') [Piano Arrangement].mp3
Dec 14 19:29 : update: added /cinnamons, evening cinema - TOKIMEKI of winter.mp3
Dec 14 19:29 : update: added /Berioska - Torikago (Darling in the Franxx) Ending 1.mp3
Dec 14 19:29 : update: added /YOASOBI - Romance.mp3
Dec 14 19:29 : update: added /the peggies - 明日.mp3
Dec 14 19:29 : update: added /Rei Takahashi - Anata wo Suki ni natte shimau jibunga kiraida.mp3
Dec 14 19:29 : update: added /美波 - DROP.mp3
Dec 14 19:29 : update: added /Kano - Nadamesukashi Negotiation.mp3
Dec 14 19:29 : update: added /Hikaru Station, Navarone Boo - Bravely You.mp3
Dec 14 19:29 : update: added /Heiakim - sayonara.mp3
Dec 14 19:29 : update: added /Akano, Jonatan King - Kaibutsu (From 'BEASTARS Season 2').mp3
Dec 14 19:29 : update: added /15才, Seiko Oomori - Let's play Losing Battle[TV size.].mp3
Dec 14 19:29 : update: added /YOASOBI - 三原色.mp3
Dec 14 19:29 : update: added /宮内れんげ (CV.小岩井ことり), 一条 蛍 (CV.村川梨衣), 越谷夏海 (CV.佐倉綾音), 越谷小鞠 (CV.阿澄佳奈) - のんのん日和.mp3
Dec 14 19:29 : update: added /フレンズ - 約束.mp3
Dec 14 19:29 : update: added /YOASOBI - あの夢をなぞって.mp3
Dec 14 19:29 : update: added /Ryokuoushoku Shakai - アーユーレディー.mp3
Dec 14 19:29 : update: added /ヴィヴィ(Vo.八木海莉) - My Code.mp3
Dec 14 19:29 : update: added /Ryokuoushoku Shakai - 真夜中ドライブ.mp3
Dec 14 19:29 : update: added /the peggies - センチメートル.mp3
Dec 14 19:29 : update: added /LiSA - ADAMAS.mp3
Dec 14 19:29 : update: added /Hige Driver, Shully - ミラクルすぎてヤバイ.mp3
Dec 14 19:29 : update: added /ヴィヴィ(Vo.八木海莉) - Fluorite Eye's Song.mp3
Dec 14 19:29 : update: added /moumoon - Hello, shooting-star.mp3
Dec 14 19:29 : update: added /Ryokuoushoku Shakai - たとえたとえ.mp3
Dec 14 19:29 : update: added /Rachie - Just a Sunny Day for You.mp3
Dec 14 19:29 : update: added /Ryokuoushoku Shakai - Mela!.mp3
Dec 14 19:29 : update: added /DIALOGUE+ - Omoide Shiritori.mp3
Dec 14 19:29 : update: added /beat mints boyz, a.k.a., Kenta Matsukuma, JxSxK - スパーク.mp3
Dec 14 19:29 : update: added /ReoNa - 虹の彼方に - From THE FIRST TAKE.mp3
Dec 14 19:29 : update: added /YOASOBI - 夜に駆ける.mp3
Dec 14 19:29 : update: added /Akano - Ghost In A Flower (From 'A Whisker Away').mp3
Dec 14 19:29 : update: added /Ryokuoushoku Shakai - 始まりの歌.mp3
Dec 14 19:29 : update: added /Sliverk - Iro Kousui (From 'Horimiya OP').mp3
Dec 14 19:29 : update: added /RADWIMPS - Nandemonaiya - movie ver..mp3
Dec 14 19:29 : update: added /Sakurakou K-ON Bu - Cagayake! Girls (From 'K-On!').mp3
Dec 14 19:29 : update: added /Ryokuoushoku Shakai - ずっとずっとずっと.mp3
Dec 14 19:29 : update: added /Mafumafu - Sore Wo Ai To Yobudake.mp3
Dec 14 19:29 : update: added /Ujita Mai - Hitoriuta ~September How YOU doin'~.mp3
Dec 14 19:29 : update: added /the peggies - 君のせい.mp3
Dec 14 19:29 : update: added /7!! - オレンジ-Acoustic Ver.-.mp3
Dec 14 19:29 : update: added /Akano - Harumodoki (From 'OreGairu- My Youth Romantic Comedy Is Wrong, As I Expected').mp3
Dec 14 19:29 : update: added /Mafumafu - Sacrifice.mp3
Dec 14 19:29 : update: added /Miura Jam - A Cruel Angel's Thesis (From 'Evangelion').mp3
Dec 14 19:29 : update: added /上田麗奈 - リテラチュア.mp3
Dec 14 19:29 : update: added /the peggies - はちみつ.mp3
Dec 14 19:29 : update: added /Miura Jam - Centimeter (From 'Rent a Girlfriend- Kanojo, Okarishimasu').mp3
Dec 14 19:29 : update: added /Ryokuoushoku Shakai - sabotage.mp3
Dec 14 19:29 : update: added /After the Rain, Soraru, Mafumafu - 1・2・3.mp3
Dec 14 19:29 : update: added /Kyoresu - Lalala.mp3
Dec 14 19:29 : update: added /福原 遥 - 風に吹かれて.mp3
Dec 14 19:29 : update: added /Mafumafu - 輪廻転生.mp3
Dec 14 19:29 : update: added /Ryokuoushoku Shakai - 君が望む世界.mp3
Dec 14 19:29 : update: added /Ryokuoushoku Shakai - Alice -Album version-.mp3
Dec 14 19:29 : update: added /dj-Jo - Fukashigi no Carte - Lofi Remix.mp3
Dec 14 19:29 : update: added /ヴィヴィ(Vo.八木海莉) - Sing My Pleasure.mp3
Dec 14 19:29 : update: added /AnimeHub - Chika Dance.mp3
Dec 14 19:29 : update: added /ヴィヴィ(Vo.八木海莉) - Happiness -Instrumental-.mp3
Dec 14 19:29 : update: added /halca - 告白バンジージャンプ.mp3
Dec 14 19:29 : update: added /Chitose Morinaga - Michino Timothy Kimino Kimochi.mp3
Dec 14 19:29 : update: added /Angel G - 不可思議のカルテ - Jazzhop Mix.mp3
Dec 14 19:29 : update: added /Akano - Koi no Uta (From 'TONIKAWA- Tonikaku Kawaii').mp3
Dec 14 19:29 : update: added /Ryokuoushoku Shakai - Re.mp3
Dec 14 19:29 : update: added /the peggies - BABY!.mp3
Dec 14 19:29 : update: added /Myuk - 魔法 - Anime Size.mp3
Dec 14 19:29 : update: added /V0RA - This Game (From 'No Game No Life').mp3
Dec 14 19:29 : update: added /Maggie, Nyan, Brilliant Music - 하계.mp3
Dec 14 19:29 : update: added /YOASOBI - ラブレター.mp3
Dec 14 19:29 : update: added /Ryokuoushoku Shakai - またね.mp3
Dec 14 19:29 : update: added /佐々木恵梨 - Ring of Fortune.mp3
Dec 14 19:29 : update: added /YOASOBI - 優しい彗星.mp3
Dec 14 19:29 : update: added /SawanoHiroyuki[nZk]-Laco - Hands Up to the Sky.mp3
Dec 14 19:29 : update: added /halca - FIRST DROP.mp3
Dec 14 19:29 : update: added /美波 - カワキヲアメク.mp3
Dec 14 19:29 : update: added /Heiakim - Darling..mp3
Dec 14 19:29 : update: added /KanoeRana - Tsukito Hoshizora.mp3
Dec 14 19:29 : update: added /Ryokuoushoku Shakai - キラキラ.mp3
Dec 14 19:29 : update: added /Ryokuoushoku Shakai - 恋って.mp3
Dec 14 19:29 : update: added /Kenzie Smith Piano - Madoromi no Yakusoku (From 'Hyouka').mp3
Dec 14 19:29 : update: added /Ryokuoushoku Shakai - 大人ごっこ.mp3
Dec 14 19:29 : update: added /yanaginagi - ユキトキ.mp3
Dec 14 19:29 : update: added /Rainych - Say So - Japanese Version.mp3
Dec 14 19:29 : update: added /Rainych - summertime.mp3
Dec 14 19:29 : update: added /ヴィヴィ(Vo.八木海莉) - A Tender Moon Tempo.mp3
Dec 14 19:29 : update: added /ヴィヴィ(Vo.八木海莉) - Happiness.mp3
Dec 14 19:30 : config: option 'device' on line 13 was not recognized
Dec 14 19:30 : config: option 'device' on line 13 was not recognized
